-------------------------------------------------------------------------------
Test set: com.origamisoftware.teach.advanced.model.database.QuoteDAOTest
-------------------------------------------------------------------------------
Tests run: 2, Failures: 0, Errors: 2, Skipped: 0, Time elapsed: 0.119 s <<< FAILURE! - in com.origamisoftware.teach.advanced.model.database.QuoteDAOTest
com.origamisoftware.teach.advanced.model.database.QuoteDAOTest.testRead  Time elapsed: 0.109 s  <<< ERROR!
com.origamisoftware.teach.advanced.util.DatabaseInitializationException: Could not initialize db because of:Could not connection to database.Unknown database 'stocks'
	at com.origamisoftware.teach.advanced.model.database.QuoteDAOTest.setUp(QuoteDAOTest.java:11)
Caused by: com.origamisoftware.teach.advanced.util.DatabaseConnectionException: Could not connection to database.Unknown database 'stocks'
	at com.origamisoftware.teach.advanced.model.database.QuoteDAOTest.setUp(QuoteDAOTest.java:11)
Caused by: com.mysql.jdbc.exceptions.jdbc4.MySQLSyntaxErrorException: Unknown database 'stocks'
	at com.origamisoftware.teach.advanced.model.database.QuoteDAOTest.setUp(QuoteDAOTest.java:11)

com.origamisoftware.teach.advanced.model.database.QuoteDAOTest.testRead  Time elapsed: 0.109 s  <<< ERROR!
com.origamisoftware.teach.advanced.util.DatabaseInitializationException: Could not initialize db because of:Could not connection to database.Unknown database 'stocks'
	at com.origamisoftware.teach.advanced.model.database.QuoteDAOTest.tearDown(QuoteDAOTest.java:11)
Caused by: com.origamisoftware.teach.advanced.util.DatabaseConnectionException: Could not connection to database.Unknown database 'stocks'
	at com.origamisoftware.teach.advanced.model.database.QuoteDAOTest.tearDown(QuoteDAOTest.java:11)
Caused by: com.mysql.jdbc.exceptions.jdbc4.MySQLSyntaxErrorException: Unknown database 'stocks'
	at com.origamisoftware.teach.advanced.model.database.QuoteDAOTest.tearDown(QuoteDAOTest.java:11)

