-------------------------------------------------------------------------------
Test set: com.origamisoftware.teach.advanced.model.database.StockSymbolDAOTest
-------------------------------------------------------------------------------
Tests run: 2, Failures: 0, Errors: 2, Skipped: 0, Time elapsed: 0.115 s <<< FAILURE! - in com.origamisoftware.teach.advanced.model.database.StockSymbolDAOTest
com.origamisoftware.teach.advanced.model.database.StockSymbolDAOTest.testRead  Time elapsed: 0.112 s  <<< ERROR!
com.origamisoftware.teach.advanced.util.DatabaseInitializationException: Could not initialize db because of:Could not connection to database.Unknown database 'stocks'
	at com.origamisoftware.teach.advanced.model.database.StockSymbolDAOTest.setUp(StockSymbolDAOTest.java:11)
Caused by: com.origamisoftware.teach.advanced.util.DatabaseConnectionException: Could not connection to database.Unknown database 'stocks'
	at com.origamisoftware.teach.advanced.model.database.StockSymbolDAOTest.setUp(StockSymbolDAOTest.java:11)
Caused by: com.mysql.jdbc.exceptions.jdbc4.MySQLSyntaxErrorException: Unknown database 'stocks'
	at com.origamisoftware.teach.advanced.model.database.StockSymbolDAOTest.setUp(StockSymbolDAOTest.java:11)

com.origamisoftware.teach.advanced.model.database.StockSymbolDAOTest.testRead  Time elapsed: 0.112 s  <<< ERROR!
com.origamisoftware.teach.advanced.util.DatabaseInitializationException: Could not initialize db because of:Could not connection to database.Unknown database 'stocks'
	at com.origamisoftware.teach.advanced.model.database.StockSymbolDAOTest.tearDown(StockSymbolDAOTest.java:11)
Caused by: com.origamisoftware.teach.advanced.util.DatabaseConnectionException: Could not connection to database.Unknown database 'stocks'
	at com.origamisoftware.teach.advanced.model.database.StockSymbolDAOTest.tearDown(StockSymbolDAOTest.java:11)
Caused by: com.mysql.jdbc.exceptions.jdbc4.MySQLSyntaxErrorException: Unknown database 'stocks'
	at com.origamisoftware.teach.advanced.model.database.StockSymbolDAOTest.tearDown(StockSymbolDAOTest.java:11)

